Watching for file changes with StatReloader
/Library/Frameworks/Python.framework/Versions/3.10/lib/python3.10/site-packages/coreapi/utils.py:5: UserWarning: pkg_resources is deprecated as an API. See https://setuptools.pypa.io/en/latest/pkg_resources.html. The pkg_resources package is slated for removal as early as 2025-11-30. Refrain from using this package or pin to Setuptools<81.
  import pkg_resources
System check identified some issues:

WARNINGS:
?: (staticfiles.W004) The directory '/Users/shenyz/projects/github/Download_system_project/static' in the STATICFILES_DIRS setting does not exist.
file_upload.File: (models.W042) Auto-created primary key used when not defining a primary key type, by default 'django.db.models.AutoField'.
	HINT: Configure the DEFAULT_AUTO_FIELD setting or the FileUploadConfig.default_auto_field attribute to point to a subclass of AutoField, e.g. 'django.db.models.BigAutoField'.
file_upload.Folder: (models.W042) Auto-created primary key used when not defining a primary key type, by default 'django.db.models.AutoField'.
	HINT: Configure the DEFAULT_AUTO_FIELD setting or the FileUploadConfig.default_auto_field attribute to point to a subclass of AutoField, e.g. 'django.db.models.BigAutoField'.
file_upload.UploadSession: (models.W042) Auto-created primary key used when not defining a primary key type, by default 'django.db.models.AutoField'.
	HINT: Configure the DEFAULT_AUTO_FIELD setting or the FileUploadConfig.default_auto_field attribute to point to a subclass of AutoField, e.g. 'django.db.models.BigAutoField'.

System check identified 4 issues (0 silenced).
[03/Nov/2025 07:03:30] "HEAD / HTTP/1.1" 302 0
[03/Nov/2025 07:05:25] "POST /api/auth/login/ HTTP/1.1" 200 274
[03/Nov/2025 07:05:26] "GET /api/files/folders/all/ HTTP/1.1" 200 249
[03/Nov/2025 07:05:26] "GET /api/files/ HTTP/1.1" 200 1706
[03/Nov/2025 07:05:26] "GET /api/files/ HTTP/1.1" 200 1706
[03/Nov/2025 07:05:46] "GET /api/auth/profile/ HTTP/1.1" 200 185
[03/Nov/2025 07:05:46] "GET /api/files/folders/all/ HTTP/1.1" 200 249
[03/Nov/2025 07:05:46] "GET /api/files/ HTTP/1.1" 200 1706
[03/Nov/2025 07:05:46] "GET /api/files/ HTTP/1.1" 200 1706
[03/Nov/2025 07:07:03] "GET /api/auth/profile/ HTTP/1.1" 200 185
[03/Nov/2025 07:07:06] "GET /api/files/folders/all/ HTTP/1.1" 200 249
[03/Nov/2025 07:07:06] "GET /api/files/ HTTP/1.1" 200 1706
[03/Nov/2025 07:07:06] "GET /api/files/ HTTP/1.1" 200 1706
[03/Nov/2025 07:07:13] "POST /api/auth/logout/ HTTP/1.1" 200 31
[03/Nov/2025 07:07:27] "POST /api/auth/login/ HTTP/1.1" 200 274
[03/Nov/2025 07:08:46] "GET /api/auth/profile/ HTTP/1.1" 200 185
[03/Nov/2025 07:08:57] "GET /api/auth/profile/ HTTP/1.1" 200 185
[03/Nov/2025 07:09:03] "GET /api/auth/profile/ HTTP/1.1" 200 185
[03/Nov/2025 07:09:06] "GET /api/files/folders/all/ HTTP/1.1" 200 249
[03/Nov/2025 07:09:06] "GET /api/files/ HTTP/1.1" 200 1706
[03/Nov/2025 07:09:06] "GET /api/files/ HTTP/1.1" 200 1706
[03/Nov/2025 07:09:09] "GET /api/files/folders/all/ HTTP/1.1" 200 249
[03/Nov/2025 07:09:09] "GET /api/files/ HTTP/1.1" 200 1706
[03/Nov/2025 07:09:09] "GET /api/files/ HTTP/1.1" 200 1706
[03/Nov/2025 07:09:11] "GET /api/files/facets/ HTTP/1.1" 200 332
[03/Nov/2025 07:09:12] "GET /api/files/search/?q=&page=1&sort_by=uploaded_at&sort_order=desc&document_type=Dataset HTTP/1.1" 200 2590
[03/Nov/2025 07:09:13] "GET /api/files/20/preview/ HTTP/1.1" 200 6482
[03/Nov/2025 07:09:28] "GET /api/auth/profile/ HTTP/1.1" 200 185
[03/Nov/2025 07:09:37] "GET /api/auth/profile/ HTTP/1.1" 200 185
Unauthorized: /api/auth/profile/
[03/Nov/2025 07:11:26] "GET /api/auth/profile/ HTTP/1.1" 401 27
Unauthorized: /api/files/facets/
[03/Nov/2025 07:11:26] "GET /api/files/facets/ HTTP/1.1" 401 27
[03/Nov/2025 07:11:40] "GET /api/auth/profile/ HTTP/1.1" 200 185
[03/Nov/2025 07:11:40] "GET /api/files/facets/ HTTP/1.1" 200 332
[03/Nov/2025 07:11:42] "GET /api/auth/profile/ HTTP/1.1" 200 185
[03/Nov/2025 07:12:02] "GET /api/files/folders/all/ HTTP/1.1" 200 249
[03/Nov/2025 07:12:02] "GET /api/files/ HTTP/1.1" 200 1706
[03/Nov/2025 07:12:02] "GET /api/files/ HTTP/1.1" 200 1706
[03/Nov/2025 07:12:04] "GET /api/auth/profile/ HTTP/1.1" 200 185
[03/Nov/2025 07:13:14] "GET /api/files/folders/all/ HTTP/1.1" 200 249
[03/Nov/2025 07:13:14] "GET /api/files/ HTTP/1.1" 200 1706
[03/Nov/2025 07:13:14] "GET /api/files/ HTTP/1.1" 200 1706
[03/Nov/2025 07:13:17] "GET /api/auth/profile/ HTTP/1.1" 200 185
[03/Nov/2025 07:13:31] "GET /api/auth/profile/ HTTP/1.1" 200 185
[03/Nov/2025 07:13:31] "GET /api/files/facets/ HTTP/1.1" 200 332
[03/Nov/2025 07:13:35] "GET /api/files/folders/all/ HTTP/1.1" 200 249
[03/Nov/2025 07:13:35] "GET /api/files/ HTTP/1.1" 200 1706
[03/Nov/2025 07:13:35] "GET /api/files/ HTTP/1.1" 200 1706
[03/Nov/2025 07:13:36] "GET /api/auth/profile/ HTTP/1.1" 200 185
[03/Nov/2025 07:13:48] "GET /api/files/folders/all/ HTTP/1.1" 200 249
[03/Nov/2025 07:13:48] "GET /api/files/ HTTP/1.1" 200 1706
[03/Nov/2025 07:13:48] "GET /api/files/ HTTP/1.1" 200 1706
[03/Nov/2025 07:13:49] "GET /api/files/facets/ HTTP/1.1" 200 332
[03/Nov/2025 07:14:27] "GET /api/auth/profile/ HTTP/1.1" 200 185
[03/Nov/2025 07:14:39] "GET /api/auth/profile/ HTTP/1.1" 200 185
[03/Nov/2025 07:14:45] "GET /api/files/facets/ HTTP/1.1" 200 332
[03/Nov/2025 07:14:46] "GET /api/files/folders/all/ HTTP/1.1" 200 249
[03/Nov/2025 07:14:46] "GET /api/files/ HTTP/1.1" 200 1706
[03/Nov/2025 07:14:46] "GET /api/files/ HTTP/1.1" 200 1706
[03/Nov/2025 07:15:32] "GET /api/auth/profile/ HTTP/1.1" 200 185
[03/Nov/2025 07:16:10] "GET /api/files/folders/all/ HTTP/1.1" 200 249
[03/Nov/2025 07:16:10] "GET /api/files/ HTTP/1.1" 200 1706
[03/Nov/2025 07:16:10] "GET /api/files/ HTTP/1.1" 200 1706
[03/Nov/2025 07:16:10] "GET /api/files/facets/ HTTP/1.1" 200 332
[03/Nov/2025 07:16:11] "GET /api/auth/profile/ HTTP/1.1" 200 185
[03/Nov/2025 07:16:12] "GET /api/files/folders/all/ HTTP/1.1" 200 249
[03/Nov/2025 07:16:12] "GET /api/files/ HTTP/1.1" 200 1706
[03/Nov/2025 07:16:12] "GET /api/files/ HTTP/1.1" 200 1706
[03/Nov/2025 07:17:47] "GET /api/auth/profile/ HTTP/1.1" 200 185
[03/Nov/2025 07:17:47] "GET /api/files/folders/all/ HTTP/1.1" 200 249
[03/Nov/2025 07:17:47] "GET /api/files/ HTTP/1.1" 200 1706
[03/Nov/2025 07:17:47] "GET /api/files/ HTTP/1.1" 200 1706
[03/Nov/2025 07:18:29] "GET /api/files/facets/ HTTP/1.1" 200 332
[03/Nov/2025 07:18:48] "GET /api/files/search/?q=&page=1&sort_by=uploaded_at&sort_order=desc&document_type=Dataset HTTP/1.1" 200 2590
[03/Nov/2025 07:19:58] "GET /api/files/folders/all/ HTTP/1.1" 200 249
[03/Nov/2025 07:19:58] "GET /api/files/ HTTP/1.1" 200 1706
[03/Nov/2025 07:19:58] "GET /api/files/ HTTP/1.1" 200 1706
[03/Nov/2025 07:21:02] "GET /api/files/facets/ HTTP/1.1" 200 332
[03/Nov/2025 07:21:29] "GET /api/auth/profile/ HTTP/1.1" 200 185
[03/Nov/2025 07:21:29] "GET /api/files/folders/all/ HTTP/1.1" 200 249
[03/Nov/2025 07:21:29] "GET /api/files/ HTTP/1.1" 200 1706
[03/Nov/2025 07:21:29] "GET /api/files/ HTTP/1.1" 200 1706
[03/Nov/2025 07:21:30] "GET /api/files/facets/ HTTP/1.1" 200 332
[03/Nov/2025 07:21:31] "GET /api/files/search/?q=&page=1&sort_by=uploaded_at&sort_order=desc&document_type=Dataset HTTP/1.1" 200 2590
[03/Nov/2025 07:21:33] "GET /api/auth/profile/ HTTP/1.1" 200 185
[03/Nov/2025 07:21:33] "GET /api/files/facets/ HTTP/1.1" 200 332
[03/Nov/2025 07:21:55] "GET /api/files/ HTTP/1.1" 200 1706
[03/Nov/2025 07:21:56] "GET /api/files/facets/ HTTP/1.1" 200 332
[03/Nov/2025 07:21:58] "GET /api/files/folders/all/ HTTP/1.1" 200 249
[03/Nov/2025 07:21:58] "GET /api/files/ HTTP/1.1" 200 1706
[03/Nov/2025 07:21:58] "GET /api/files/ HTTP/1.1" 200 1706
[03/Nov/2025 07:21:59] "GET /api/files/facets/ HTTP/1.1" 200 332
[03/Nov/2025 07:22:22] "GET /api/files/folders/all/ HTTP/1.1" 200 249
[03/Nov/2025 07:22:22] "GET /api/files/ HTTP/1.1" 200 1706
[03/Nov/2025 07:22:22] "GET /api/files/ HTTP/1.1" 200 1706
[03/Nov/2025 07:22:43] "GET /api/auth/profile/ HTTP/1.1" 200 185
[03/Nov/2025 07:22:43] "GET /api/files/facets/ HTTP/1.1" 200 332
[03/Nov/2025 07:22:53] "GET /api/auth/profile/ HTTP/1.1" 200 185
[03/Nov/2025 07:22:56] "GET /api/auth/profile/ HTTP/1.1" 200 185
[03/Nov/2025 07:22:59] "GET /api/files/folders/all/ HTTP/1.1" 200 249
[03/Nov/2025 07:22:59] "GET /api/files/ HTTP/1.1" 200 1706
[03/Nov/2025 07:22:59] "GET /api/files/ HTTP/1.1" 200 1706
[03/Nov/2025 07:23:01] "GET /api/files/facets/ HTTP/1.1" 200 332
[03/Nov/2025 07:23:02] "GET /api/files/search/?q=&page=1&sort_by=uploaded_at&sort_order=desc&document_type=Dataset HTTP/1.1" 200 2590
[03/Nov/2025 07:23:07] "GET /api/files/20/preview/ HTTP/1.1" 200 6482
[03/Nov/2025 07:23:14] "GET /api/files/folders/all/ HTTP/1.1" 200 249
[03/Nov/2025 07:23:14] "GET /api/files/ HTTP/1.1" 200 1706
[03/Nov/2025 07:23:14] "GET /api/files/ HTTP/1.1" 200 1706
[03/Nov/2025 07:23:16] "GET /api/files/facets/ HTTP/1.1" 200 332
[03/Nov/2025 07:23:18] "GET /api/files/search/?q=&page=1&sort_by=uploaded_at&sort_order=desc&document_type=Dataset HTTP/1.1" 200 2590
[03/Nov/2025 07:23:26] "GET /api/files/20/preview/ HTTP/1.1" 200 6482
[03/Nov/2025 07:23:30] "GET /api/files/20/preview/ HTTP/1.1" 200 6482
[03/Nov/2025 07:23:56] "GET /api/auth/profile/ HTTP/1.1" 200 185
[03/Nov/2025 07:23:56] "GET /api/files/facets/ HTTP/1.1" 200 332
[03/Nov/2025 07:24:13] "GET /api/auth/profile/ HTTP/1.1" 200 185
[03/Nov/2025 07:24:15] "GET /api/files/ HTTP/1.1" 200 1706
[03/Nov/2025 07:24:15] "GET /api/files/folders/all/ HTTP/1.1" 200 249
[03/Nov/2025 07:24:15] "GET /api/files/ HTTP/1.1" 200 1706
[03/Nov/2025 07:24:25] "GET /api/files/facets/ HTTP/1.1" 200 332
[03/Nov/2025 07:24:39] "GET /api/files/search/?q=&page=1&sort_by=uploaded_at&sort_order=desc&document_type=Dataset HTTP/1.1" 200 2590
[03/Nov/2025 07:24:45] "GET /api/files/11/preview/ HTTP/1.1" 200 258
[03/Nov/2025 07:24:50] "GET /api/files/facets/ HTTP/1.1" 200 332
[03/Nov/2025 07:24:54] "GET /api/files/search/?q=&page=1&sort_by=uploaded_at&sort_order=desc&document_type=Dataset HTTP/1.1" 200 2590
[03/Nov/2025 07:24:56] "GET /api/auth/profile/ HTTP/1.1" 200 185
[03/Nov/2025 07:24:56] "GET /api/files/facets/ HTTP/1.1" 200 332
[03/Nov/2025 07:24:57] "GET /api/files/search/?q=&page=1&sort_by=uploaded_at&sort_order=desc&document_type=Dataset HTTP/1.1" 200 2590
[03/Nov/2025 07:25:02] "GET /api/files/20/preview/ HTTP/1.1" 200 6482
[03/Nov/2025 07:25:39] "GET /api/files/folders/all/ HTTP/1.1" 200 249
[03/Nov/2025 07:25:39] "GET /api/files/ HTTP/1.1" 200 1706
[03/Nov/2025 07:25:39] "GET /api/files/ HTTP/1.1" 200 1706
[03/Nov/2025 07:25:40] "GET /api/files/facets/ HTTP/1.1" 200 332
[03/Nov/2025 07:25:57] "GET /api/files/search/?q=&page=1&sort_by=uploaded_at&sort_order=desc&document_type=Dataset HTTP/1.1" 200 2590
[03/Nov/2025 07:25:57] "GET /api/files/facets/ HTTP/1.1" 200 332
[03/Nov/2025 07:26:02] "GET /api/auth/profile/ HTTP/1.1" 200 185
[03/Nov/2025 07:26:02] "GET /api/files/facets/ HTTP/1.1" 200 332
[03/Nov/2025 07:26:02] "GET /api/files/search/?q=&page=1&sort_by=uploaded_at&sort_order=desc&document_type=Dataset HTTP/1.1" 200 2590
[03/Nov/2025 07:26:29] "GET /api/files/folders/all/ HTTP/1.1" 200 249
[03/Nov/2025 07:26:29] "GET /api/files/ HTTP/1.1" 200 1706
[03/Nov/2025 07:26:29] "GET /api/files/ HTTP/1.1" 200 1706
[03/Nov/2025 07:26:30] "GET /api/files/facets/ HTTP/1.1" 200 332
[03/Nov/2025 07:26:30] "GET /api/files/search/?q=&page=1&sort_by=uploaded_at&sort_order=desc&document_type=Dataset HTTP/1.1" 200 2590
[03/Nov/2025 07:26:35] "GET /api/files/search/?q=&page=1&sort_by=uploaded_at&sort_order=desc&document_type=Dataset&file_format=other HTTP/1.1" 200 1833
[03/Nov/2025 07:26:36] "GET /api/files/search/?q=&page=1&sort_by=uploaded_at&sort_order=desc&document_type=Dataset HTTP/1.1" 200 2590
[03/Nov/2025 07:26:37] "GET /api/files/search/?q=&page=1&sort_by=uploaded_at&sort_order=desc&document_type=Dataset&file_format=other HTTP/1.1" 200 1833
[03/Nov/2025 07:26:37] "GET /api/files/search/?q=&page=1&sort_by=uploaded_at&sort_order=desc&document_type=Dataset HTTP/1.1" 200 2590
[03/Nov/2025 07:26:42] "GET /api/auth/profile/ HTTP/1.1" 200 185
[03/Nov/2025 07:26:42] "GET /api/files/facets/ HTTP/1.1" 200 332
[03/Nov/2025 07:26:42] "GET /api/files/search/?q=&page=1&sort_by=uploaded_at&sort_order=desc&document_type=Dataset HTTP/1.1" 200 2590
[03/Nov/2025 07:26:43] "GET /api/files/folders/all/ HTTP/1.1" 200 249
[03/Nov/2025 07:26:43] "GET /api/files/ HTTP/1.1" 200 1706
[03/Nov/2025 07:26:43] "GET /api/files/ HTTP/1.1" 200 1706
[03/Nov/2025 07:26:44] "GET /api/files/facets/ HTTP/1.1" 200 332
[03/Nov/2025 07:26:44] "GET /api/files/search/?q=&page=1&sort_by=uploaded_at&sort_order=desc&document_type=Dataset HTTP/1.1" 200 2590
[03/Nov/2025 07:26:47] "GET /api/files/20/preview/ HTTP/1.1" 200 6482
[03/Nov/2025 07:27:48] "GET /api/files/folders/all/ HTTP/1.1" 200 249
[03/Nov/2025 07:27:48] "GET /api/files/ HTTP/1.1" 200 1706
[03/Nov/2025 07:27:48] "GET /api/files/ HTTP/1.1" 200 1706
[03/Nov/2025 07:27:50] "GET /api/files/facets/ HTTP/1.1" 200 332
[03/Nov/2025 07:27:50] "GET /api/files/search/?q=&page=1&sort_by=uploaded_at&sort_order=desc&document_type=Dataset HTTP/1.1" 200 2590
[03/Nov/2025 07:27:56] "GET /api/files/20/preview/ HTTP/1.1" 200 6482
Unauthorized: /api/auth/profile/
[03/Nov/2025 07:28:00] "GET /api/auth/profile/ HTTP/1.1" 401 27
Unauthorized: /api/files/facets/
Unauthorized: /api/files/search/
[03/Nov/2025 07:28:00] "GET /api/files/facets/ HTTP/1.1" 401 27
[03/Nov/2025 07:28:00] "GET /api/files/search/?q=&page=1&sort_by=uploaded_at&sort_order=desc&document_type=Dataset HTTP/1.1" 401 27
[03/Nov/2025 07:28:44] "GET /api/files/20/preview/ HTTP/1.1" 200 6482
[03/Nov/2025 07:29:40] "GET /api/auth/profile/ HTTP/1.1" 200 185
[03/Nov/2025 07:29:40] "GET /api/files/facets/ HTTP/1.1" 200 332
[03/Nov/2025 07:29:40] "GET /api/files/search/?q=&page=1&sort_by=uploaded_at&sort_order=desc&document_type=Dataset HTTP/1.1" 200 2590
[03/Nov/2025 07:31:11] "GET /api/files/folders/all/ HTTP/1.1" 200 249
[03/Nov/2025 07:31:11] "GET /api/files/ HTTP/1.1" 200 1706
[03/Nov/2025 07:31:11] "GET /api/files/ HTTP/1.1" 200 1706
[03/Nov/2025 07:31:11] "GET /api/files/facets/ HTTP/1.1" 200 332
[03/Nov/2025 07:31:11] "GET /api/files/search/?q=&page=1&sort_by=uploaded_at&sort_order=desc&document_type=Dataset HTTP/1.1" 200 2590
[03/Nov/2025 07:31:14] "GET /api/files/ HTTP/1.1" 200 1706
[03/Nov/2025 07:31:24] "GET /api/auth/profile/ HTTP/1.1" 200 185
[03/Nov/2025 07:31:24] "GET /api/files/facets/ HTTP/1.1" 200 332
[03/Nov/2025 07:31:24] "GET /api/files/search/?q=&page=1&sort_by=uploaded_at&sort_order=desc&document_type=Dataset HTTP/1.1" 200 2590
[03/Nov/2025 07:31:37] "GET /api/auth/profile/ HTTP/1.1" 200 185
[03/Nov/2025 07:31:37] "GET /api/files/facets/ HTTP/1.1" 200 332
[03/Nov/2025 07:31:37] "GET /api/files/search/?q=&page=1&sort_by=uploaded_at&sort_order=desc&document_type=Dataset HTTP/1.1" 200 2590
[03/Nov/2025 07:32:20] "GET /api/auth/profile/ HTTP/1.1" 200 185
[03/Nov/2025 07:32:20] "GET /api/files/facets/ HTTP/1.1" 200 332
[03/Nov/2025 07:32:21] "GET /api/files/search/?q=&page=1&sort_by=uploaded_at&sort_order=desc&document_type=Dataset HTTP/1.1" 200 2590
[03/Nov/2025 07:32:37] "GET /api/files/ HTTP/1.1" 200 1706
[03/Nov/2025 07:32:42] "GET /api/files/ HTTP/1.1" 200 1706
[03/Nov/2025 07:32:44] "GET /api/files/folders/all/ HTTP/1.1" 200 249
[03/Nov/2025 07:32:44] "GET /api/files/ HTTP/1.1" 200 1706
[03/Nov/2025 07:32:44] "GET /api/files/ HTTP/1.1" 200 1706
[03/Nov/2025 07:32:46] "GET /api/files/facets/ HTTP/1.1" 200 332
[03/Nov/2025 07:32:46] "GET /api/files/search/?q=&page=1&sort_by=uploaded_at&sort_order=desc&document_type=Dataset HTTP/1.1" 200 2590
[03/Nov/2025 07:32:55] "GET /api/auth/profile/ HTTP/1.1" 200 185
