[cellxgene] Starting CLI...
/Users/shenyz/projects/github/Download_system_project/.venv-cellxgene/lib/python3.10/site-packages/louvain/__init__.py:54: UserWarning: pkg_resources is deprecated as an API. See https://setuptools.pypa.io/en/latest/pkg_resources.html. The pkg_resources package is slated for removal as early as 2025-11-30. Refrain from using this package or pin to Setuptools<81.
  from pkg_resources import get_distribution, DistributionNotFound
/Users/shenyz/projects/github/Download_system_project/.venv-cellxgene/lib/python3.10/site-packages/anndata/utils.py:434: FutureWarning: Importing read_csv from `anndata` is deprecated. Import anndata.io.read_csv instead.
  warnings.warn(msg, FutureWarning)
/Users/shenyz/projects/github/Download_system_project/.venv-cellxgene/lib/python3.10/site-packages/anndata/utils.py:434: FutureWarning: Importing read_excel from `anndata` is deprecated. Import anndata.io.read_excel instead.
  warnings.warn(msg, FutureWarning)
/Users/shenyz/projects/github/Download_system_project/.venv-cellxgene/lib/python3.10/site-packages/anndata/utils.py:434: FutureWarning: Importing read_hdf from `anndata` is deprecated. Import anndata.io.read_hdf instead.
  warnings.warn(msg, FutureWarning)
/Users/shenyz/projects/github/Download_system_project/.venv-cellxgene/lib/python3.10/site-packages/anndata/utils.py:434: FutureWarning: Importing read_loom from `anndata` is deprecated. Import anndata.io.read_loom instead.
  warnings.warn(msg, FutureWarning)
/Users/shenyz/projects/github/Download_system_project/.venv-cellxgene/lib/python3.10/site-packages/anndata/utils.py:434: FutureWarning: Importing read_mtx from `anndata` is deprecated. Import anndata.io.read_mtx instead.
  warnings.warn(msg, FutureWarning)
/Users/shenyz/projects/github/Download_system_project/.venv-cellxgene/lib/python3.10/site-packages/anndata/utils.py:434: FutureWarning: Importing read_text from `anndata` is deprecated. Import anndata.io.read_text instead.
  warnings.warn(msg, FutureWarning)
/Users/shenyz/projects/github/Download_system_project/.venv-cellxgene/lib/python3.10/site-packages/anndata/utils.py:434: FutureWarning: Importing read_umi_tools from `anndata` is deprecated. Import anndata.io.read_umi_tools instead.
  warnings.warn(msg, FutureWarning)
[cellxgene] Loading data from cellxgene_data/21__scOBJ.h5ad, please wait...
[cellxgene] Beginning preprocessing...
[cellxgene] Progress
Traceback (most recent call last):
  File "/Users/shenyz/projects/github/Download_system_project/.venv-cellxgene/bin/cellxgene", line 7, in <module>
    sys.exit(cli())
  File "/Users/shenyz/projects/github/Download_system_project/.venv-cellxgene/lib/python3.10/site-packages/click/core.py", line 1462, in __call__
    return self.main(*args, **kwargs)
  File "/Users/shenyz/projects/github/Download_system_project/.venv-cellxgene/lib/python3.10/site-packages/click/core.py", line 1383, in main
    rv = self.invoke(ctx)
  File "/Users/shenyz/projects/github/Download_system_project/.venv-cellxgene/lib/python3.10/site-packages/click/core.py", line 1850, in invoke
    return _process_result(sub_ctx.command.invoke(sub_ctx))
  File "/Users/shenyz/projects/github/Download_system_project/.venv-cellxgene/lib/python3.10/site-packages/click/core.py", line 1246, in invoke
    return ctx.invoke(self.callback, **ctx.params)
  File "/Users/shenyz/projects/github/Download_system_project/.venv-cellxgene/lib/python3.10/site-packages/click/core.py", line 814, in invoke
    return callback(*args, **kwargs)
  File "/Users/shenyz/projects/github/Download_system_project/cellxgene/cellxgene/server/cli/prepare.py", line 223, in prepare
    step(adata)
  File "/Users/shenyz/projects/github/Download_system_project/cellxgene/cellxgene/server/cli/prepare.py", line 177, in run_neighbors
    sc.pp.neighbors(adata)
  File "/Users/shenyz/projects/github/Download_system_project/.venv-cellxgene/lib/python3.10/site-packages/scanpy/neighbors/__init__.py", line 148, in neighbors
    neighbors.compute_neighbors(
  File "/Users/shenyz/projects/github/Download_system_project/.venv-cellxgene/lib/python3.10/site-packages/scanpy/neighbors/__init__.py", line 820, in compute_neighbors
    self._distances, self._connectivities = _compute_connectivities_umap(
  File "/Users/shenyz/projects/github/Download_system_project/.venv-cellxgene/lib/python3.10/site-packages/scanpy/neighbors/__init__.py", line 401, in _compute_connectivities_umap
    from umap.umap_ import fuzzy_simplicial_set
  File "/Users/shenyz/projects/github/Download_system_project/.venv-cellxgene/lib/python3.10/site-packages/umap/__init__.py", line 1, in <module>
    from .umap_ import UMAP
  File "/Users/shenyz/projects/github/Download_system_project/.venv-cellxgene/lib/python3.10/site-packages/umap/umap_.py", line 54, in <module>
    from umap.layouts import (
  File "/Users/shenyz/projects/github/Download_system_project/.venv-cellxgene/lib/python3.10/site-packages/umap/layouts.py", line 39, in <module>
    def rdist(x, y):
  File "/Users/shenyz/projects/github/Download_system_project/.venv-cellxgene/lib/python3.10/site-packages/numba/core/decorators.py", line 234, in wrapper
    disp.compile(sig)
  File "/Users/shenyz/projects/github/Download_system_project/.venv-cellxgene/lib/python3.10/site-packages/numba/core/dispatcher.py", line 908, in compile
    cres = self._compiler.compile(args, return_type)
  File "/Users/shenyz/projects/github/Download_system_project/.venv-cellxgene/lib/python3.10/site-packages/numba/core/dispatcher.py", line 80, in compile
    status, retval = self._compile_cached(args, return_type)
  File "/Users/shenyz/projects/github/Download_system_project/.venv-cellxgene/lib/python3.10/site-packages/numba/core/dispatcher.py", line 94, in _compile_cached
    retval = self._compile_core(args, return_type)
  File "/Users/shenyz/projects/github/Download_system_project/.venv-cellxgene/lib/python3.10/site-packages/numba/core/dispatcher.py", line 107, in _compile_core
    cres = compiler.compile_extra(self.targetdescr.typing_context,
  File "/Users/shenyz/projects/github/Download_system_project/.venv-cellxgene/lib/python3.10/site-packages/numba/core/compiler.py", line 739, in compile_extra
    return pipeline.compile_extra(func)
  File "/Users/shenyz/projects/github/Download_system_project/.venv-cellxgene/lib/python3.10/site-packages/numba/core/compiler.py", line 439, in compile_extra
    return self._compile_bytecode()
  File "/Users/shenyz/projects/github/Download_system_project/.venv-cellxgene/lib/python3.10/site-packages/numba/core/compiler.py", line 505, in _compile_bytecode
    return self._compile_core()
  File "/Users/shenyz/projects/github/Download_system_project/.venv-cellxgene/lib/python3.10/site-packages/numba/core/compiler.py", line 481, in _compile_core
    raise e
  File "/Users/shenyz/projects/github/Download_system_project/.venv-cellxgene/lib/python3.10/site-packages/numba/core/compiler.py", line 473, in _compile_core
    pm.run(self.state)
  File "/Users/shenyz/projects/github/Download_system_project/.venv-cellxgene/lib/python3.10/site-packages/numba/core/compiler_machinery.py", line 363, in run
    raise e
  File "/Users/shenyz/projects/github/Download_system_project/.venv-cellxgene/lib/python3.10/site-packages/numba/core/compiler_machinery.py", line 356, in run
    self._runPass(idx, pass_inst, state)
  File "/Users/shenyz/projects/github/Download_system_project/.venv-cellxgene/lib/python3.10/site-packages/numba/core/compiler_lock.py", line 35, in _acquire_compile_lock
    return func(*args, **kwargs)
  File "/Users/shenyz/projects/github/Download_system_project/.venv-cellxgene/lib/python3.10/site-packages/numba/core/compiler_machinery.py", line 311, in _runPass
    mutated |= check(pss.run_pass, internal_state)
  File "/Users/shenyz/projects/github/Download_system_project/.venv-cellxgene/lib/python3.10/site-packages/numba/core/compiler_machinery.py", line 272, in check
    mangled = func(compiler_state)
  File "/Users/shenyz/projects/github/Download_system_project/.venv-cellxgene/lib/python3.10/site-packages/numba/core/typed_passes.py", line 470, in run_pass
    lower.lower()
  File "/Users/shenyz/projects/github/Download_system_project/.venv-cellxgene/lib/python3.10/site-packages/numba/core/lowering.py", line 193, in lower
    self.lower_normal_function(self.fndesc)
  File "/Users/shenyz/projects/github/Download_system_project/.venv-cellxgene/lib/python3.10/site-packages/numba/core/lowering.py", line 232, in lower_normal_function
    entry_block_tail = self.lower_function_body()
  File "/Users/shenyz/projects/github/Download_system_project/.venv-cellxgene/lib/python3.10/site-packages/numba/core/lowering.py", line 262, in lower_function_body
    self.lower_block(block)
  File "/Users/shenyz/projects/github/Download_system_project/.venv-cellxgene/lib/python3.10/site-packages/numba/core/lowering.py", line 276, in lower_block
    self.lower_inst(inst)
  File "/Users/shenyz/projects/github/Download_system_project/.venv-cellxgene/lib/python3.10/site-packages/numba/core/lowering.py", line 462, in lower_inst
    val = self.lower_assign(ty, inst)
  File "/Users/shenyz/projects/github/Download_system_project/.venv-cellxgene/lib/python3.10/site-packages/numba/core/lowering.py", line 674, in lower_assign
    return self.lower_expr(ty, value)
  File "/Users/shenyz/projects/github/Download_system_project/.venv-cellxgene/lib/python3.10/site-packages/numba/core/lowering.py", line 1268, in lower_expr
    res = self.lower_call(resty, expr)
  File "/Users/shenyz/projects/github/Download_system_project/.venv-cellxgene/lib/python3.10/site-packages/numba/core/lowering.py", line 939, in lower_call
    res = self._lower_call_normal(fnty, expr, signature)
  File "/Users/shenyz/projects/github/Download_system_project/.venv-cellxgene/lib/python3.10/site-packages/numba/core/lowering.py", line 1239, in _lower_call_normal
    res = impl(self.builder, argvals, self.loc)
  File "/Users/shenyz/projects/github/Download_system_project/.venv-cellxgene/lib/python3.10/site-packages/numba/core/base.py", line 1196, in __call__
    res = self._imp(self._context, builder, self._sig, args, loc=loc)
  File "/Users/shenyz/projects/github/Download_system_project/.venv-cellxgene/lib/python3.10/site-packages/numba/core/base.py", line 1226, in wrapper
    return fn(*args, **kwargs)
  File "/Users/shenyz/projects/github/Download_system_project/.venv-cellxgene/lib/python3.10/site-packages/numba/cpython/rangeobj.py", line 36, in range1_impl
    state.stop = stop
  File "/Users/shenyz/projects/github/Download_system_project/.venv-cellxgene/lib/python3.10/site-packages/numba/core/cgutils.py", line 166, in __setattr__
    self[self._datamodel.get_field_position(field)] = value
  File "/Users/shenyz/projects/github/Download_system_project/.venv-cellxgene/lib/python3.10/site-packages/numba/core/cgutils.py", line 190, in __setitem__
    raise TypeError("Invalid store of {value.type} to "
TypeError: Invalid store of i64 to i32 in <numba.core.datamodel.models.RangeModel object at 0x129678520> (trying to write member #1)
